<?xml version="1.0" encoding="UTF-8"?>
<!-- Generated by org.testng.reporters.JUnitXMLReporter -->
<testsuite hostname="Alok-PC" name="simpleTest" tests="3" failures="3" timestamp="19 Jan 2018 19:23:47 GMT" time="31.985" errors="0">
  <testcase name="creat1T1users" time="3.016" classname="testpages.ManageT1Test">
    <failure type="java.lang.NullPointerException">
      <![CDATA[java.lang.NullPointerException
	at org.openqa.selenium.support.pagefactory.DefaultElementLocator.findElement(DefaultElementLocator.java:69)
	at org.openqa.selenium.support.pagefactory.internal.LocatingElementHandler.invoke(LocatingElementHandler.java:38)
	at com.sun.proxy.$Proxy10.toString(Unknown Source)
	at java.lang.String.valueOf(String.java:2994)
	at java.lang.StringBuilder.append(StringBuilder.java:131)
	at utils.TestBase.waitForVisibilityOfElement(TestBase.java:114)
	at utils.TestBase.click(TestBase.java:121)
	at javapages.ManageT1.creat1T1user(ManageT1.java:96)
	at testpages.ManageT1Test.creat1T1users(ManageT1Test.java:23)
... Removed 24 stack frames]]>
    </failure>
  </testcase> <!-- creat1T1users -->
  <testcase name="downloadT2uploadTemplate" time="0.0" classname="testpages.ManageT1Test">
    <failure type="java.lang.NullPointerException">
      <![CDATA[java.lang.NullPointerException
	at org.openqa.selenium.support.pagefactory.DefaultElementLocator.findElement(DefaultElementLocator.java:69)
	at org.openqa.selenium.support.pagefactory.internal.LocatingElementHandler.invoke(LocatingElementHandler.java:38)
	at com.sun.proxy.$Proxy10.toString(Unknown Source)
	at java.lang.String.valueOf(String.java:2994)
	at java.lang.StringBuilder.append(StringBuilder.java:131)
	at utils.TestBase.waitForVisibilityOfElement(TestBase.java:114)
	at utils.TestBase.click(TestBase.java:121)
	at javapages.ManageT1.downloadBulkT2UploadTemplate(ManageT1.java:125)
	at testpages.ManageT1Test.downloadT2uploadTemplate(ManageT1Test.java:32)
... Removed 24 stack frames]]>
    </failure>
  </testcase> <!-- downloadT2uploadTemplate -->
  <testcase name="uploadT2users" time="3.009" classname="testpages.ManageT1Test">
    <failure type="java.lang.NullPointerException">
      <![CDATA[java.lang.NullPointerException
	at org.openqa.selenium.support.pagefactory.DefaultElementLocator.findElement(DefaultElementLocator.java:69)
	at org.openqa.selenium.support.pagefactory.internal.LocatingElementHandler.invoke(LocatingElementHandler.java:38)
	at com.sun.proxy.$Proxy10.toString(Unknown Source)
	at java.lang.String.valueOf(String.java:2994)
	at java.lang.StringBuilder.append(StringBuilder.java:131)
	at utils.TestBase.waitForVisibilityOfElement(TestBase.java:114)
	at utils.TestBase.click(TestBase.java:121)
	at javapages.ManageT1.uploadT2(ManageT1.java:75)
	at testpages.ManageT1Test.uploadT2users(ManageT1Test.java:16)
... Removed 24 stack frames]]>
    </failure>
  </testcase> <!-- uploadT2users -->
</testsuite> <!-- simpleTest -->
