<?xml version="1.0" encoding="UTF-8"?>
<testng-results skipped="0" failed="0" total="1" passed="1">
  <reporter-output>
  </reporter-output>
  <suite name="testNGLearning" duration-ms="79930" started-at="2018-01-19T18:47:00Z" finished-at="2018-01-19T18:48:20Z">
    <groups>
    </groups>
    <test name="simpleTest" duration-ms="79930" started-at="2018-01-19T18:47:00Z" finished-at="2018-01-19T18:48:20Z">
      <class name="testpages.AlertAndActionsTestCases">
        <test-method status="PASS" signature="initializeTestBaseSetup(java.lang.String, java.lang.String)[pri:0, instance:testpages.AlertAndActionsTestCases@3cef309d]" name="initializeTestBaseSetup" is-config="true" duration-ms="31047" started-at="2018-01-20T00:17:00Z" finished-at="2018-01-20T00:17:31Z">
          <params>
            <param index="0">
              <value>
                <![CDATA[chrome]]>
              </value>
            </param>
            <param index="1">
              <value>
                <![CDATA[https://test-cctv.ajilonservices.com.au]]>
              </value>
            </param>
          </params>
          <reporter-output>
          </reporter-output>
        </test-method> <!-- initializeTestBaseSetup -->
        <test-method status="PASS" signature="searchAlerts()[pri:0, instance:testpages.AlertAndActionsTestCases@3cef309d]" name="searchAlerts" duration-ms="48391" started-at="2018-01-20T00:17:31Z" finished-at="2018-01-20T00:18:19Z">
          <reporter-output>
          </reporter-output>
        </test-method> <!-- searchAlerts -->
      </class> <!-- testpages.AlertAndActionsTestCases -->
    </test> <!-- simpleTest -->
  </suite> <!-- testNGLearning -->
</testng-results>
